<?xml version="1.0" encoding="UTF-8"?>
<!-- Generated by org.testng.reporters.JUnitReportReporter -->
<testsuite hostname="LAPTOP-DP2HDC81" failures="0" tests="1" name="com.ebanking.testCases.loginTest_001" time="9.413" errors="0" timestamp="2021-06-29T01:46:24 IST" skipped="0">
  <testcase classname="com.ebanking.testCases.loginTest_001" name="LoginTest" time="9.413"/>
  <system-out/>
</testsuite> <!-- com.ebanking.testCases.loginTest_001 -->
